10:37:31.018 [main] [o.s.c.o.b.m.d.t.JsonDtoTests] DEBUG org.solent.com504.oodd.bank.model.dto.test.JsonDtoTests - Json transactionRequest output:
{
  "fromCard" : {
    "name" : "",
    "endDate" : "",
    "cardnumber" : "",
    "cvv" : "111",
    "issueNumber" : "01"
  },
  "toCard" : {
    "name" : "",
    "endDate" : "",
    "cardnumber" : "",
    "cvv" : "111",
    "issueNumber" : "01"
  },
  "amount" : 100.01
}
10:37:31.542 [main] [o.s.c.o.p.t.PasswordUtilsTest] DEBUG org.solent.com504.oodd.password.test.PasswordUtilsTest - password=1234567890 hashedpw=$2a$12$MvrbvunifGpA1bfWytsjuOPGNn9nldqRuxeOlq6Hhv3eecVx40ozO
10:37:31.799 [main] [o.s.c.o.p.t.PasswordUtilsTest] DEBUG org.solent.com504.oodd.password.test.PasswordUtilsTest - password 1234567890 matches
10:37:32.292 [main] [o.s.c.o.p.t.PasswordUtilsTest] DEBUG org.solent.com504.oodd.password.test.PasswordUtilsTest - password 1234567890 does not match
